# JRE version: OpenJDK Runtime Environment Temurin-21.0.8+9 (21.0.8+9) (build 21.0.8+9-LTS)
# Java VM: OpenJDK 64-Bit Server VM Temurin-21.0.8+9 (21.0.8+9-LTS, mixed mode, sharing, tiered, compressed oops, compressed class ptrs, parallel gc, windows-amd64)
GC Precious Log:
 CardTable entry size: 512
 CPUs: 8 total, 8 available
 Memory: 7379M
 Large Page Support: Disabled
 NUMA Support: Disabled
 Compressed Oops: Enabled (32-bit)
 Alignments: Space 512K, Generation 512K, Heap 2M
 Heap Min Capacity: 100M
 Heap Initial Capacity: 100M
 Heap Max Capacity: 2G
 Pre-touch: Disabled
 Parallel Workers: 8
Heap:
 PSYoungGen      total 24576K, used 20204K [0x00000000d5580000, 0x00000000d7380000, 0x0000000100000000)
  eden space 19968K, 78% used [0x00000000d5580000,0x00000000d64cc8f8,0x00000000d6900000)
  from space 4608K, 98% used [0x00000000d6e00000,0x00000000d726e948,0x00000000d7280000)
  to   space 5120K, 0% used [0x00000000d6900000,0x00000000d6900000,0x00000000d6e00000)
 ParOldGen       total 68608K, used 58230K [0x0000000080000000, 0x0000000084300000, 0x00000000d5580000)
  object space 68608K, 84% used [0x0000000080000000,0x00000000838dd9d0,0x0000000084300000)
 Metaspace       used 60676K, committed 61952K, reserved 1114112K
  class space    used 6562K, committed 7168K, reserved 1048576K
GC Heap History (20 events):
Event: 31.427 GC heap before
{Heap before GC invocations=36 (full 2):
 PSYoungGen      total 24576K, used 21774K [0x00000000d5580000, 0x00000000d7080000, 0x0000000100000000)
  eden space 20992K, 100% used [0x00000000d5580000,0x00000000d6a00000,0x00000000d6a00000)
  from space 3584K, 21% used [0x00000000d6b00000,0x00000000d6bc38d8,0x00000000d6e80000)
  to   space 1536K, 0% used [0x00000000d6f00000,0x00000000d6f00000,0x00000000d7080000)
 ParOldGen       total 68608K, used 49051K [0x0000000080000000, 0x0000000084300000, 0x00000000d5580000)
  object space 68608K, 71% used [0x0000000080000000,0x0000000082fe6ff0,0x0000000084300000)
 Metaspace       used 56996K, committed 58176K, reserved 1114112K
  class space    used 6228K, committed 6784K, reserved 1048576K
}
Event: 31.431 GC heap after
{Heap after GC invocations=36 (full 2):
 PSYoungGen      total 22528K, used 1526K [0x00000000d5580000, 0x00000000d7400000, 0x0000000100000000)
  eden space 20992K, 0% used [0x00000000d5580000,0x00000000d5580000,0x00000000d6a00000)
  from space 1536K, 99% used [0x00000000d6f00000,0x00000000d707da78,0x00000000d7080000)
  to   space 5120K, 0% used [0x00000000d6a00000,0x00000000d6a00000,0x00000000d6f00000)
 ParOldGen       total 68608K, used 51581K [0x0000000080000000, 0x0000000084300000, 0x00000000d5580000)
  object space 68608K, 75% used [0x0000000080000000,0x000000008325f728,0x0000000084300000)
 Metaspace       used 56996K, committed 58176K, reserved 1114112K
  class space    used 6228K, committed 6784K, reserved 1048576K
}
Event: 31.532 GC heap before
{Heap before GC invocations=37 (full 2):
 PSYoungGen      total 22528K, used 22518K [0x00000000d5580000, 0x00000000d7400000, 0x0000000100000000)
  eden space 20992K, 100% used [0x00000000d5580000,0x00000000d6a00000,0x00000000d6a00000)
  from space 1536K, 99% used [0x00000000d6f00000,0x00000000d707da78,0x00000000d7080000)
  to   space 5120K, 0% used [0x00000000d6a00000,0x00000000d6a00000,0x00000000d6f00000)
 ParOldGen       total 68608K, used 51581K [0x0000000080000000, 0x0000000084300000, 0x00000000d5580000)
  object space 68608K, 75% used [0x0000000080000000,0x000000008325f728,0x0000000084300000)
 Metaspace       used 57070K, committed 58240K, reserved 1114112K
  class space    used 6231K, committed 6784K, reserved 1048576K
}
Event: 31.535 GC heap after
{Heap after GC invocations=37 (full 2):
 PSYoungGen      total 22528K, used 1517K [0x00000000d5580000, 0x00000000d6f80000, 0x0000000100000000)
  eden space 20992K, 0% used [0x00000000d5580000,0x00000000d5580000,0x00000000d6a00000)
  from space 1536K, 98% used [0x00000000d6a00000,0x00000000d6b7b6c8,0x00000000d6b80000)
  to   space 2560K, 0% used [0x00000000d6d00000,0x00000000d6d00000,0x00000000d6f80000)
 ParOldGen       total 68608K, used 53070K [0x0000000080000000, 0x0000000084300000, 0x00000000d5580000)
  object space 68608K, 77% used [0x0000000080000000,0x00000000833d3b38,0x0000000084300000)
 Metaspace       used 57070K, committed 58240K, reserved 1114112K
  class space    used 6231K, committed 6784K, reserved 1048576K
}
Event: 31.652 GC heap before
{Heap before GC invocations=38 (full 2):
 PSYoungGen      total 22528K, used 22509K [0x00000000d5580000, 0x00000000d6f80000, 0x0000000100000000)
  eden space 20992K, 100% used [0x00000000d5580000,0x00000000d6a00000,0x00000000d6a00000)
  from space 1536K, 98% used [0x00000000d6a00000,0x00000000d6b7b6c8,0x00000000d6b80000)
  to   space 2560K, 0% used [0x00000000d6d00000,0x00000000d6d00000,0x00000000d6f80000)
 ParOldGen       total 68608K, used 53070K [0x0000000080000000, 0x0000000084300000, 0x00000000d5580000)
  object space 68608K, 77% used [0x0000000080000000,0x00000000833d3b38,0x0000000084300000)
 Metaspace       used 57725K, committed 58944K, reserved 1114112K
  class space    used 6290K, committed 6848K, reserved 1048576K
}
Event: 31.654 GC heap after
{Heap after GC invocations=38 (full 2):
 PSYoungGen      total 23552K, used 2126K [0x00000000d5580000, 0x00000000d6f80000, 0x0000000100000000)
  eden space 20992K, 0% used [0x00000000d5580000,0x00000000d5580000,0x00000000d6a00000)
  from space 2560K, 83% used [0x00000000d6d00000,0x00000000d6f13920,0x00000000d6f80000)
  to   space 2560K, 0% used [0x00000000d6a80000,0x00000000d6a80000,0x00000000d6d00000)
 ParOldGen       total 68608K, used 53966K [0x0000000080000000, 0x0000000084300000, 0x00000000d5580000)
  object space 68608K, 78% used [0x0000000080000000,0x00000000834b3818,0x0000000084300000)
 Metaspace       used 57725K, committed 58944K, reserved 1114112K
  class space    used 6290K, committed 6848K, reserved 1048576K
}
Event: 31.840 GC heap before
{Heap before GC invocations=39 (full 2):
 PSYoungGen      total 23552K, used 23118K [0x00000000d5580000, 0x00000000d6f80000, 0x0000000100000000)
  eden space 20992K, 100% used [0x00000000d5580000,0x00000000d6a00000,0x00000000d6a00000)
  from space 2560K, 83% used [0x00000000d6d00000,0x00000000d6f13920,0x00000000d6f80000)
  to   space 2560K, 0% used [0x00000000d6a80000,0x00000000d6a80000,0x00000000d6d00000)
 ParOldGen       total 68608K, used 53966K [0x0000000080000000, 0x0000000084300000, 0x00000000d5580000)
  object space 68608K, 78% used [0x0000000080000000,0x00000000834b3818,0x0000000084300000)
 Metaspace       used 58422K, committed 59584K, reserved 1114112K
  class space    used 6350K, committed 6912K, reserved 1048576K
}
Event: 31.847 GC heap after
{Heap after GC invocations=39 (full 2):
 PSYoungGen      total 23552K, used 2535K [0x00000000d5580000, 0x00000000d7700000, 0x0000000100000000)
  eden space 20992K, 0% used [0x00000000d5580000,0x00000000d5580000,0x00000000d6a00000)
  from space 2560K, 99% used [0x00000000d6a80000,0x00000000d6cf9cd8,0x00000000d6d00000)
  to   space 6656K, 0% used [0x00000000d7080000,0x00000000d7080000,0x00000000d7700000)
 ParOldGen       total 68608K, used 57243K [0x0000000080000000, 0x0000000084300000, 0x00000000d5580000)
  object space 68608K, 83% used [0x0000000080000000,0x00000000837e6cd8,0x0000000084300000)
 Metaspace       used 58422K, committed 59584K, reserved 1114112K
  class space    used 6350K, committed 6912K, reserved 1048576K
}
Event: 32.098 GC heap before
{Heap before GC invocations=40 (full 2):
 PSYoungGen      total 23552K, used 23527K [0x00000000d5580000, 0x00000000d7700000, 0x0000000100000000)
  eden space 20992K, 100% used [0x00000000d5580000,0x00000000d6a00000,0x00000000d6a00000)
  from space 2560K, 99% used [0x00000000d6a80000,0x00000000d6cf9cd8,0x00000000d6d00000)
  to   space 6656K, 0% used [0x00000000d7080000,0x00000000d7080000,0x00000000d7700000)
 ParOldGen       total 68608K, used 57243K [0x0000000080000000, 0x0000000084300000, 0x00000000d5580000)
  object space 68608K, 83% used [0x0000000080000000,0x00000000837e6cd8,0x0000000084300000)
 Metaspace       used 58577K, committed 59776K, reserved 1114112K
  class space    used 6354K, committed 6912K, reserved 1048576K
}
Event: 32.107 GC heap after
{Heap after GC invocations=40 (full 2):
 PSYoungGen      total 25088K, used 3953K [0x00000000d5580000, 0x00000000d7480000, 0x0000000100000000)
  eden space 20992K, 0% used [0x00000000d5580000,0x00000000d5580000,0x00000000d6a00000)
  from space 4096K, 96% used [0x00000000d7080000,0x00000000d745c728,0x00000000d7480000)
  to   space 4608K, 0% used [0x00000000d6b80000,0x00000000d6b80000,0x00000000d7000000)
 ParOldGen       total 68608K, used 59679K [0x0000000080000000, 0x0000000084300000, 0x00000000d5580000)
  object space 68608K, 86% used [0x0000000080000000,0x0000000083a47eb0,0x0000000084300000)
 Metaspace       used 58577K, committed 59776K, reserved 1114112K
  class space    used 6354K, committed 6912K, reserved 1048576K
}
Event: 32.114 GC heap before
{Heap before GC invocations=41 (full 2):
 PSYoungGen      total 25088K, used 4846K [0x00000000d5580000, 0x00000000d7480000, 0x0000000100000000)
  eden space 20992K, 4% used [0x00000000d5580000,0x00000000d565f110,0x00000000d6a00000)
  from space 4096K, 96% used [0x00000000d7080000,0x00000000d745c728,0x00000000d7480000)
  to   space 4608K, 0% used [0x00000000d6b80000,0x00000000d6b80000,0x00000000d7000000)
 ParOldGen       total 68608K, used 59679K [0x0000000080000000, 0x0000000084300000, 0x00000000d5580000)
  object space 68608K, 86% used [0x0000000080000000,0x0000000083a47eb0,0x0000000084300000)
 Metaspace       used 58577K, committed 59776K, reserved 1114112K
  class space    used 6354K, committed 6912K, reserved 1048576K
}
Event: 32.119 GC heap after
{Heap after GC invocations=41 (full 2):
 PSYoungGen      total 21504K, used 288K [0x00000000d5580000, 0x00000000d7100000, 0x0000000100000000)
  eden space 20992K, 0% used [0x00000000d5580000,0x00000000d5580000,0x00000000d6a00000)
  from space 512K, 56% used [0x00000000d6b80000,0x00000000d6bc8000,0x00000000d6c00000)
  to   space 2048K, 0% used [0x00000000d6f00000,0x00000000d6f00000,0x00000000d7100000)
 ParOldGen       total 68608K, used 63500K [0x0000000080000000, 0x0000000084300000, 0x00000000d5580000)
  object space 68608K, 92% used [0x0000000080000000,0x0000000083e03390,0x0000000084300000)
 Metaspace       used 58577K, committed 59776K, reserved 1114112K
  class space    used 6354K, committed 6912K, reserved 1048576K
}
Event: 32.119 GC heap before
{Heap before GC invocations=42 (full 3):
 PSYoungGen      total 21504K, used 288K [0x00000000d5580000, 0x00000000d7100000, 0x0000000100000000)
  eden space 20992K, 0% used [0x00000000d5580000,0x00000000d5580000,0x00000000d6a00000)
  from space 512K, 56% used [0x00000000d6b80000,0x00000000d6bc8000,0x00000000d6c00000)
  to   space 2048K, 0% used [0x00000000d6f00000,0x00000000d6f00000,0x00000000d7100000)
 ParOldGen       total 68608K, used 63500K [0x0000000080000000, 0x0000000084300000, 0x00000000d5580000)
  object space 68608K, 92% used [0x0000000080000000,0x0000000083e03390,0x0000000084300000)
 Metaspace       used 58577K, committed 59776K, reserved 1114112K
  class space    used 6354K, committed 6912K, reserved 1048576K
}
Event: 32.222 GC heap after
{Heap after GC invocations=42 (full 3):
 PSYoungGen      total 21504K, used 0K [0x00000000d5580000, 0x00000000d7100000, 0x0000000100000000)
  eden space 20992K, 0% used [0x00000000d5580000,0x00000000d5580000,0x00000000d6a00000)
  from space 512K, 0% used [0x00000000d6b80000,0x00000000d6b80000,0x00000000d6c00000)
  to   space 2048K, 0% used [0x00000000d6f00000,0x00000000d6f00000,0x00000000d7100000)
 ParOldGen       total 68608K, used 50751K [0x0000000080000000, 0x0000000084300000, 0x00000000d5580000)
  object space 68608K, 73% used [0x0000000080000000,0x000000008318fff8,0x0000000084300000)
 Metaspace       used 58577K, committed 59776K, reserved 1114112K
  class space    used 6354K, committed 6912K, reserved 1048576K
}
Event: 32.556 GC heap before
{Heap before GC invocations=43 (full 3):
 PSYoungGen      total 21504K, used 20992K [0x00000000d5580000, 0x00000000d7100000, 0x0000000100000000)
  eden space 20992K, 100% used [0x00000000d5580000,0x00000000d6a00000,0x00000000d6a00000)
  from space 512K, 0% used [0x00000000d6b80000,0x00000000d6b80000,0x00000000d6c00000)
  to   space 2048K, 0% used [0x00000000d6f00000,0x00000000d6f00000,0x00000000d7100000)
 ParOldGen       total 68608K, used 50751K [0x0000000080000000, 0x0000000084300000, 0x00000000d5580000)
  object space 68608K, 73% used [0x0000000080000000,0x000000008318fff8,0x0000000084300000)
 Metaspace       used 58670K, committed 59840K, reserved 1114112K
  class space    used 6365K, committed 6912K, reserved 1048576K
}
Event: 32.560 GC heap after
{Heap after GC invocations=43 (full 3):
 PSYoungGen      total 22528K, used 2031K [0x00000000d5580000, 0x00000000d7500000, 0x0000000100000000)
  eden space 20480K, 0% used [0x00000000d5580000,0x00000000d5580000,0x00000000d6980000)
  from space 2048K, 99% used [0x00000000d6f00000,0x00000000d70fbf68,0x00000000d7100000)
  to   space 5632K, 0% used [0x00000000d6980000,0x00000000d6980000,0x00000000d6f00000)
 ParOldGen       total 68608K, used 53254K [0x0000000080000000, 0x0000000084300000, 0x00000000d5580000)
  object space 68608K, 77% used [0x0000000080000000,0x0000000083401820,0x0000000084300000)
 Metaspace       used 58670K, committed 59840K, reserved 1114112K
  class space    used 6365K, committed 6912K, reserved 1048576K
}
Event: 32.859 GC heap before
{Heap before GC invocations=44 (full 3):
 PSYoungGen      total 22528K, used 22511K [0x00000000d5580000, 0x00000000d7500000, 0x0000000100000000)
  eden space 20480K, 99% used [0x00000000d5580000,0x00000000d697fff8,0x00000000d6980000)
  from space 2048K, 99% used [0x00000000d6f00000,0x00000000d70fbf68,0x00000000d7100000)
  to   space 5632K, 0% used [0x00000000d6980000,0x00000000d6980000,0x00000000d6f00000)
 ParOldGen       total 68608K, used 53254K [0x0000000080000000, 0x0000000084300000, 0x00000000d5580000)
  object space 68608K, 77% used [0x0000000080000000,0x0000000083401820,0x0000000084300000)
 Metaspace       used 59491K, committed 60736K, reserved 1114112K
  class space    used 6459K, committed 7040K, reserved 1048576K
}
Event: 32.863 GC heap after
{Heap after GC invocations=44 (full 3):
 PSYoungGen      total 24576K, used 4039K [0x00000000d5580000, 0x00000000d7280000, 0x0000000100000000)
  eden space 20480K, 0% used [0x00000000d5580000,0x00000000d5580000,0x00000000d6980000)
  from space 4096K, 98% used [0x00000000d6980000,0x00000000d6d71e90,0x00000000d6d80000)
  to   space 4608K, 0% used [0x00000000d6e00000,0x00000000d6e00000,0x00000000d7280000)
 ParOldGen       total 68608K, used 55212K [0x0000000080000000, 0x0000000084300000, 0x00000000d5580000)
  object space 68608K, 80% used [0x0000000080000000,0x00000000835eb268,0x0000000084300000)
 Metaspace       used 59491K, committed 60736K, reserved 1114112K
  class space    used 6459K, committed 7040K, reserved 1048576K
}
Event: 33.230 GC heap before
{Heap before GC invocations=45 (full 3):
 PSYoungGen      total 24576K, used 24519K [0x00000000d5580000, 0x00000000d7280000, 0x0000000100000000)
  eden space 20480K, 100% used [0x00000000d5580000,0x00000000d6980000,0x00000000d6980000)
  from space 4096K, 98% used [0x00000000d6980000,0x00000000d6d71e90,0x00000000d6d80000)
  to   space 4608K, 0% used [0x00000000d6e00000,0x00000000d6e00000,0x00000000d7280000)
 ParOldGen       total 68608K, used 55212K [0x0000000080000000, 0x0000000084300000, 0x00000000d5580000)
  object space 68608K, 80% used [0x0000000080000000,0x00000000835eb268,0x0000000084300000)
 Metaspace       used 60072K, committed 61376K, reserved 1114112K
  class space    used 6509K, committed 7104K, reserved 1048576K
}
Event: 33.236 GC heap after
{Heap after GC invocations=45 (full 3):
 PSYoungGen      total 24576K, used 4538K [0x00000000d5580000, 0x00000000d7380000, 0x0000000100000000)
  eden space 19968K, 0% used [0x00000000d5580000,0x00000000d5580000,0x00000000d6900000)
  from space 4608K, 98% used [0x00000000d6e00000,0x00000000d726e948,0x00000000d7280000)
  to   space 5120K, 0% used [0x00000000d6900000,0x00000000d6900000,0x00000000d6e00000)
 ParOldGen       total 68608K, used 58230K [0x0000000080000000, 0x0000000084300000, 0x00000000d5580000)
  object space 68608K, 84% used [0x0000000080000000,0x00000000838dd9d0,0x0000000084300000)
 Metaspace       used 60072K, committed 61376K, reserved 1114112K
  class space    used 6509K, committed 7104K, reserved 1048576K
}

